# JRE version: Java(TM) SE Runtime Environment (8.0_202-b08) (build 1.8.0_202-b08)
# Java VM: Java HotSpot(TM) 64-Bit Server VM (25.202-b08 mixed mode windows-amd64 compressed oops)
Heap:
 PSYoungGen      total 217600K, used 58331K [0x000000076b180000, 0x000000077f000000, 0x00000007c0000000)
  eden space 205824K, 22% used [0x000000076b180000,0x000000076def7360,0x0000000777a80000)
  from space 11776K, 99% used [0x0000000777a80000,0x00000007785ff950,0x0000000778600000)
  to   space 17920K, 0% used [0x000000077de80000,0x000000077de80000,0x000000077f000000)
 ParOldGen       total 153088K, used 25123K [0x00000006c1400000, 0x00000006ca980000, 0x000000076b180000)
  object space 153088K, 16% used [0x00000006c1400000,0x00000006c2c88d88,0x00000006ca980000)
 Metaspace       used 56035K, capacity 59064K, committed 59160K, reserved 1099776K
  class space    used 7619K, capacity 8124K, committed 8216K, reserved 1048576K
GC Heap History (10 events):
Event: 3.238 GC heap before
{Heap before GC invocations=5 (full 1):
 PSYoungGen      total 141824K, used 7559K [0x000000076b180000, 0x0000000774680000, 0x00000007c0000000)
  eden space 131072K, 0% used [0x000000076b180000,0x000000076b180000,0x0000000773180000)
  from space 10752K, 70% used [0x0000000773c00000,0x0000000774361fc8,0x0000000774680000)
  to   space 10752K, 0% used [0x0000000773180000,0x0000000773180000,0x0000000773c00000)
 ParOldGen       total 175104K, used 48K [0x00000006c1400000, 0x00000006cbf00000, 0x000000076b180000)
  object space 175104K, 0% used [0x00000006c1400000,0x00000006c140c000,0x00000006cbf00000)
 Metaspace       used 20555K, capacity 21230K, committed 21296K, reserved 1069056K
  class space    used 2509K, capacity 2669K, committed 2688K, reserved 1048576K
Event: 3.279 GC heap after
Heap after GC invocations=5 (full 1):
 PSYoungGen      total 141824K, used 0K [0x000000076b180000, 0x0000000774680000, 0x00000007c0000000)
  eden space 131072K, 0% used [0x000000076b180000,0x000000076b180000,0x0000000773180000)
  from space 10752K, 0% used [0x0000000773c00000,0x0000000773c00000,0x0000000774680000)
  to   space 10752K, 0% used [0x0000000773180000,0x0000000773180000,0x0000000773c00000)
 ParOldGen       total 97280K, used 7326K [0x00000006c1400000, 0x00000006c7300000, 0x000000076b180000)
  object space 97280K, 7% used [0x00000006c1400000,0x00000006c1b27b70,0x00000006c7300000)
 Metaspace       used 20555K, capacity 21230K, committed 21296K, reserved 1069056K
  class space    used 2509K, capacity 2669K, committed 2688K, reserved 1048576K
}
Event: 5.906 GC heap before
{Heap before GC invocations=6 (full 1):
 PSYoungGen      total 141824K, used 131045K [0x000000076b180000, 0x0000000774680000, 0x00000007c0000000)
  eden space 131072K, 99% used [0x000000076b180000,0x00000007731797f0,0x0000000773180000)
  from space 10752K, 0% used [0x0000000773c00000,0x0000000773c00000,0x0000000774680000)
  to   space 10752K, 0% used [0x0000000773180000,0x0000000773180000,0x0000000773c00000)
 ParOldGen       total 97280K, used 7326K [0x00000006c1400000, 0x00000006c7300000, 0x000000076b180000)
  object space 97280K, 7% used [0x00000006c1400000,0x00000006c1b27b70,0x00000006c7300000)
 Metaspace       used 28505K, capacity 30218K, committed 30336K, reserved 1075200K
  class space    used 3595K, capacity 3911K, committed 3968K, reserved 1048576K
Event: 5.918 GC heap after
Heap after GC invocations=6 (full 1):
 PSYoungGen      total 141824K, used 10744K [0x000000076b180000, 0x0000000779480000, 0x00000007c0000000)
  eden space 131072K, 0% used [0x000000076b180000,0x000000076b180000,0x0000000773180000)
  from space 10752K, 99% used [0x0000000773180000,0x0000000773bfe148,0x0000000773c00000)
  to   space 12288K, 0% used [0x0000000778880000,0x0000000778880000,0x0000000779480000)
 ParOldGen       total 97280K, used 7443K [0x00000006c1400000, 0x00000006c7300000, 0x000000076b180000)
  object space 97280K, 7% used [0x00000006c1400000,0x00000006c1b44e40,0x00000006c7300000)
 Metaspace       used 28505K, capacity 30218K, committed 30336K, reserved 1075200K
  class space    used 3595K, capacity 3911K, committed 3968K, reserved 1048576K
}
Event: 6.826 GC heap before
{Heap before GC invocations=7 (full 1):
 PSYoungGen      total 141824K, used 59190K [0x000000076b180000, 0x0000000779480000, 0x00000007c0000000)
  eden space 131072K, 36% used [0x000000076b180000,0x000000076e0cf818,0x0000000773180000)
  from space 10752K, 99% used [0x0000000773180000,0x0000000773bfe148,0x0000000773c00000)
  to   space 12288K, 0% used [0x0000000778880000,0x0000000778880000,0x0000000779480000)
 ParOldGen       total 97280K, used 7443K [0x00000006c1400000, 0x00000006c7300000, 0x000000076b180000)
  object space 97280K, 7% used [0x00000006c1400000,0x00000006c1b44e40,0x00000006c7300000)
 Metaspace       used 33505K, capacity 35396K, committed 35496K, reserved 1081344K
  class space    used 4182K, capacity 4498K, committed 4520K, reserved 1048576K
Event: 6.837 GC heap after
Heap after GC invocations=7 (full 1):
 PSYoungGen      total 214528K, used 9171K [0x000000076b180000, 0x0000000779180000, 0x00000007c0000000)
  eden space 205312K, 0% used [0x000000076b180000,0x000000076b180000,0x0000000777a00000)
  from space 9216K, 99% used [0x0000000778880000,0x0000000779174d18,0x0000000779180000)
  to   space 11776K, 0% used [0x0000000777a80000,0x0000000777a80000,0x0000000778600000)
 ParOldGen       total 97280K, used 7451K [0x00000006c1400000, 0x00000006c7300000, 0x000000076b180000)
  object space 97280K, 7% used [0x00000006c1400000,0x00000006c1b46e40,0x00000006c7300000)
 Metaspace       used 33505K, capacity 35396K, committed 35496K, reserved 1081344K
  class space    used 4182K, capacity 4498K, committed 4520K, reserved 1048576K
}
Event: 6.837 GC heap before
{Heap before GC invocations=8 (full 2):
 PSYoungGen      total 214528K, used 9171K [0x000000076b180000, 0x0000000779180000, 0x00000007c0000000)
  eden space 205312K, 0% used [0x000000076b180000,0x000000076b180000,0x0000000777a00000)
  from space 9216K, 99% used [0x0000000778880000,0x0000000779174d18,0x0000000779180000)
  to   space 11776K, 0% used [0x0000000777a80000,0x0000000777a80000,0x0000000778600000)
 ParOldGen       total 97280K, used 7451K [0x00000006c1400000, 0x00000006c7300000, 0x000000076b180000)
  object space 97280K, 7% used [0x00000006c1400000,0x00000006c1b46e40,0x00000006c7300000)
 Metaspace       used 33505K, capacity 35396K, committed 35496K, reserved 1081344K
  class space    used 4182K, capacity 4498K, committed 4520K, reserved 1048576K
Event: 6.928 GC heap after
Heap after GC invocations=8 (full 2):
 PSYoungGen      total 214528K, used 0K [0x000000076b180000, 0x0000000779180000, 0x00000007c0000000)
  eden space 205312K, 0% used [0x000000076b180000,0x000000076b180000,0x0000000777a00000)
  from space 9216K, 0% used [0x0000000778880000,0x0000000778880000,0x0000000779180000)
  to   space 11776K, 0% used [0x0000000777a80000,0x0000000777a80000,0x0000000778600000)
 ParOldGen       total 153088K, used 14679K [0x00000006c1400000, 0x00000006ca980000, 0x000000076b180000)
  object space 153088K, 9% used [0x00000006c1400000,0x00000006c2255c00,0x00000006ca980000)
 Metaspace       used 33505K, capacity 35396K, committed 35496K, reserved 1081344K
  class space    used 4182K, capacity 4498K, committed 4520K, reserved 1048576K
}
Event: 11.093 GC heap before
{Heap before GC invocations=9 (full 2):
 PSYoungGen      total 214528K, used 205312K [0x000000076b180000, 0x0000000779180000, 0x00000007c0000000)
  eden space 205312K, 100% used [0x000000076b180000,0x0000000777a00000,0x0000000777a00000)
  from space 9216K, 0% used [0x0000000778880000,0x0000000778880000,0x0000000779180000)
  to   space 11776K, 0% used [0x0000000777a80000,0x0000000777a80000,0x0000000778600000)
 ParOldGen       total 153088K, used 14679K [0x00000006c1400000, 0x00000006ca980000, 0x000000076b180000)
  object space 153088K, 9% used [0x00000006c1400000,0x00000006c2255c00,0x00000006ca980000)
 Metaspace       used 51588K, capacity 53970K, committed 54312K, reserved 1095680K
  class space    used 6993K, capacity 7407K, committed 7464K, reserved 1048576K
Event: 11.113 GC heap after
Heap after GC invocations=9 (full 2):
 PSYoungGen      total 217600K, used 11774K [0x000000076b180000, 0x000000077f000000, 0x00000007c0000000)
  eden space 205824K, 0% used [0x000000076b180000,0x000000076b180000,0x0000000777a80000)
  from space 11776K, 99% used [0x0000000777a80000,0x00000007785ff950,0x0000000778600000)
  to   space 17920K, 0% used [0x000000077de80000,0x000000077de80000,0x000000077f000000)
 ParOldGen       total 153088K, used 25123K [0x00000006c1400000, 0x00000006ca980000, 0x000000076b180000)
  object space 153088K, 16% used [0x00000006c1400000,0x00000006c2c88d88,0x00000006ca980000)
 Metaspace       used 51588K, capacity 53970K, committed 54312K, reserved 1095680K
  class space    used 6993K, capacity 7407K, committed 7464K, reserved 1048576K
}

